09.06.2011 15:25 ERROR /Users/arty/Development/Projects/DropsendDesktop/client/DropSendClient-build-desktop/DropSend Direct beta.app/Contents/MacOS
09.06.2011 15:25 ERROR /Users/arty/Development/Projects/DropsendDesktop/client/DropSendClient-build-desktop/DropSend Direct beta.app/Contents/MacOS
10.06.2011 13:28 ERROR /Users/arty/Development/Projects/DropsendDesktop/client/DropSendDirectbeta/DropSend Direct beta.app/Contents/MacOS
10.06.2011 13:29 ERROR Started request:https://pesoshin.groupdropbox-stage.com/client/login 

10.06.2011 13:29 ERROR Started request with id 16807 to https://pesoshin.groupdropbox-stage.com/client/login
10.06.2011 13:29 ERROR Response: 1 
<?xml version="1.0" encoding="UTF-8"?>
<Dropsend_Api_Response>
	<status>1</status>
	<data />
	<message>Login succeed</message>
	<errors />
</Dropsend_Api_Response>
10.06.2011 13:29 ERROR asdfhasdf78q223984rh2d1234567?AS@&^!@#(*SADK)_@!@
10.06.2011 13:29 ERROR 61736466686173646637387132323339383472683264313233343536373f415340265e214023282a5341444b295f402140
10.06.2011 13:29 NOTICE Full plist path:/Users/arty/Development/Projects/DropsendDesktop/client/DropSendDirectbeta/DropSend Direct beta.app/Contents/MacOS/com.dropsend.direct.plist
10.06.2011 13:29 NOTICE Full application path:/Users/arty/Development/Projects/DropsendDesktop/client/DropSendDirectbeta/DropSend Direct beta.app/Contents/MacOS/DropSend direct beta
10.06.2011 13:29 NOTICE Full path to utility:/Users/arty/Development/Projects/DropsendDesktop/client/DropSendDirectbeta/DropSend Direct beta.app/Contents/MacOS/DropSendInstallationUtility
10.06.2011 13:29 ERROR Started request:https://pesoshin.groupdropbox-stage.com/client/login 

10.06.2011 13:29 ERROR Started request with id 16807 to https://pesoshin.groupdropbox-stage.com/client/login
10.06.2011 13:29 ERROR Response: 1 
<?xml version="1.0" encoding="UTF-8"?>
<Dropsend_Api_Response>
	<status>1</status>
	<data />
	<message>Login succeed</message>
	<errors />
</Dropsend_Api_Response>
10.06.2011 13:29 ERROR Started request:https://pesoshin.groupdropbox-stage.com/client/call_api/desktop_tool/get_versions_diff.xml 

10.06.2011 13:29 ERROR Started request with id 1622650073 to https://pesoshin.groupdropbox-stage.com/client/call_api/desktop_tool/get_versions_diff.xml
10.06.2011 13:29 ERROR Response: 51 
<?xml version="1.0" encoding="UTF-8"?>
<Dropsend_Api_Response>
	<status>1</status>
	<data />
	<message>No update needed for specified from-version</message>
	<errors />
</Dropsend_Api_Response>
10.06.2011 13:29 NOTICE Encoded url: https://pesoshin.groupdropbox-stage.com/client/call_api/common/get_account.xml
10.06.2011 13:29 ERROR Started request:https://pesoshin.groupdropbox-stage.com/client/call_api/common/get_account.xml 

10.06.2011 13:29 ERROR Started request with id 984943658 to https://pesoshin.groupdropbox-stage.com/client/call_api/common/get_account.xml
10.06.2011 13:29 NOTICE Encoded url: https://pesoshin.groupdropbox-stage.com/client/call_api/storage/get_root_folder.xml
10.06.2011 13:29 ERROR Started request:https://pesoshin.groupdropbox-stage.com/client/call_api/storage/get_root_folder.xml 

10.06.2011 13:29 ERROR Started request with id 1144108930 to https://pesoshin.groupdropbox-stage.com/client/call_api/storage/get_root_folder.xml
10.06.2011 13:29 NOTICE Encoded url: https://pesoshin.groupdropbox-stage.com/client/call_api/common/get_plan.xml
10.06.2011 13:29 ERROR Started request:https://pesoshin.groupdropbox-stage.com/client/call_api/common/get_plan.xml 

10.06.2011 13:29 ERROR Started request with id 470211272 to https://pesoshin.groupdropbox-stage.com/client/call_api/common/get_plan.xml
10.06.2011 13:29 NOTICE Encoded url: https://pesoshin.groupdropbox-stage.com/client/call_api/common/get_user.xml
10.06.2011 13:29 ERROR Started request:https://pesoshin.groupdropbox-stage.com/client/call_api/common/get_user.xml 

10.06.2011 13:29 ERROR Started request with id 101027544 to https://pesoshin.groupdropbox-stage.com/client/call_api/common/get_user.xml
10.06.2011 13:29 NOTICE Encoded url: https://pesoshin.groupdropbox-stage.com/client/call_api/addressbook/get_contacts.xml
10.06.2011 13:29 ERROR Started request:https://pesoshin.groupdropbox-stage.com/client/call_api/addressbook/get_contacts.xml 

10.06.2011 13:29 ERROR Started request with id 1457850878 to https://pesoshin.groupdropbox-stage.com/client/call_api/addressbook/get_contacts.xml
10.06.2011 13:29 ERROR Response: 4 
<?xml version="1.0" encoding="UTF-8"?>
<Dropsend_Api_Response>
	<status>1</status>
	<data>
		<account_id>436</account_id>
		<plan_id>15</plan_id>
		<domain>pesoshin.groupdropbox-stage.com</domain>
		<address>Russia</address>
		<zipcode>111111</zipcode>
		<country>Russian Federation</country>
		<card_type>VISA</card_type>
		<card_ending>1111</card_ending>
		<skin_title />
		<skin_logo />
		<skin_header_colour />
		<skin_header_text />
		<skin_tabs_colour />
		<skin_tabs_text />
		<date_modified>2011-06-10 02:29:27</date_modified>
		<mails_limit>1</mails_limit>
		<today_mails>0</today_mails>
		<max_today_mails>100</max_today_mails>
		<is_group>1</is_group>
		<is_privileged />
		<sends_used>0</sends_used>
		<sends_max>-1</sends_max>
		<sends_remaining>-1</sends_remaining>
		<sends_used_percent>0</sends_used_percent>
		<storage_used>17440626</storage_used>
		<storage_max>268435456000</storage_max>
		<storage_remaining>268418015374</storage_remaining>
		<storage_used_percent>0</storage_used_percent>
		<skin_stylesheet>/accounts/436/skin/skin.css</skin_stylesheet>
		<days_left_to_close />
		<hours_left_to_close />
		<minutes_left_to_close />
		<will_close_in />
		<card_holder_name>Vasya Pupkin</card_holder_name>
		<email_logo />
		<remove_dropsend_references>0</remove_dropsend_references>
		<mails_per_day />
		<extra_sends_num>0</extra_sends_num>
		<extra_sends_expire_at />
		<is_business>0</is_business>
		<vat_number />
		<send_invoices>0</send_invoices>
		<delete_externals_after_days>0</delete_externals_after_days>
		<is_delete_externals_after_days>0</is_delete_externals_after_days>
		<current_promotion_id>0</current_promotion_id>
		<deleted>0</deleted>
		<date_deactivated>0000-00-00 00:00:00</date_deactivated>
		<date_cc_expires>2020-12-01</date_cc_expires>
		<payment_type>0</payment_type>
		<cost_plan_by_yearly_billing>0.00</cost_plan_by_yearly_billing>
		<download_footer_message />
		<use_for_development>1</use_for_development>
		<date_last_login>2011-06-10 02:29:27</date_last_login>
		<is_download_limitable />
		<phone />
	</data>
	<message />
	<errors />
</Dropsend_Api_Response>
10.06.2011 13:29 NOTICE Encoded url: https://pesoshin.groupdropbox-stage.com/client/call_api/common/get_plan.xml
10.06.2011 13:29 ERROR Started request:https://pesoshin.groupdropbox-stage.com/client/call_api/common/get_plan.xml 

10.06.2011 13:29 ERROR Started request with id 896544303 to https://pesoshin.groupdropbox-stage.com/client/call_api/common/get_plan.xml
10.06.2011 13:29 NOTICE Encoded url: https://pesoshin.groupdropbox-stage.com/client/call_api/common/get_user.xml
10.06.2011 13:29 ERROR Started request:https://pesoshin.groupdropbox-stage.com/client/call_api/common/get_user.xml 

10.06.2011 13:29 ERROR Started request with id 1474833169 to https://pesoshin.groupdropbox-stage.com/client/call_api/common/get_user.xml
10.06.2011 13:29 NOTICE Encoded url: https://pesoshin.groupdropbox-stage.com/client/call_api/storage/get_root_folder.xml
10.06.2011 13:29 ERROR Started request:https://pesoshin.groupdropbox-stage.com/client/call_api/storage/get_root_folder.xml 

10.06.2011 13:29 ERROR Started request with id 1264817709 to https://pesoshin.groupdropbox-stage.com/client/call_api/storage/get_root_folder.xml
10.06.2011 13:29 NOTICE Encoded url: https://pesoshin.groupdropbox-stage.com/client/call_api/addressbook/get_contacts.xml
10.06.2011 13:29 ERROR Started request:https://pesoshin.groupdropbox-stage.com/client/call_api/addressbook/get_contacts.xml 

10.06.2011 13:29 ERROR Started request with id 1998097157 to https://pesoshin.groupdropbox-stage.com/client/call_api/addressbook/get_contacts.xml
10.06.2011 13:29 NOTICE Encoded url: https://pesoshin.groupdropbox-stage.com/client/call_api/storage/get_root_folder.xml
10.06.2011 13:29 ERROR Started request:https://pesoshin.groupdropbox-stage.com/client/call_api/storage/get_root_folder.xml 

10.06.2011 13:29 ERROR Started request with id 1817129560 to https://pesoshin.groupdropbox-stage.com/client/call_api/storage/get_root_folder.xml
10.06.2011 13:29 ERROR Response: 3 
<?xml version="1.0" encoding="UTF-8"?>
<Dropsend_Api_Response>
	<status>1</status>
	<data>
		<plan_id>15</plan_id>
		<name>Business Lite</name>
		<description>Business Lite</description>
		<cost_per_month>45.00</cost_per_month>
		<sends_per_month>-1</sends_per_month>
		<storage>268435456000</storage>
		<is_group>1</is_group>
		<show_ads>0</show_ads>
		<deleted>0</deleted>
		<date_modified>2009-05-25 08:29:22</date_modified>
		<date_created>2008-10-22 09:37:51</date_created>
		<date_deleted>0000-00-00 00:00:00</date_deleted>
		<max_users>-1</max_users>
		<expiration_limit>1209600</expiration_limit>
		<download_limit>5</download_limit>
		<cost_per_year>540.00</cost_per_year>
		<is_can_set_download_limit>0</is_can_set_download_limit>
		<extra_sends_num>0</extra_sends_num>
	</data>
	<message />
	<errors />
</Dropsend_Api_Response>
10.06.2011 13:29 NOTICE Encoded url: https://pesoshin.groupdropbox-stage.com/client/call_api/common/get_user.xml
10.06.2011 13:29 ERROR Started request:https://pesoshin.groupdropbox-stage.com/client/call_api/common/get_user.xml 

10.06.2011 13:29 ERROR Started request with id 1131570933 to https://pesoshin.groupdropbox-stage.com/client/call_api/common/get_user.xml
10.06.2011 13:29 NOTICE Encoded url: https://pesoshin.groupdropbox-stage.com/client/call_api/storage/get_root_folder.xml
10.06.2011 13:29 ERROR Started request:https://pesoshin.groupdropbox-stage.com/client/call_api/storage/get_root_folder.xml 

10.06.2011 13:29 ERROR Started request with id 197493099 to https://pesoshin.groupdropbox-stage.com/client/call_api/storage/get_root_folder.xml
10.06.2011 13:29 NOTICE Encoded url: https://pesoshin.groupdropbox-stage.com/client/call_api/addressbook/get_contacts.xml
10.06.2011 13:29 ERROR Started request:https://pesoshin.groupdropbox-stage.com/client/call_api/addressbook/get_contacts.xml 

10.06.2011 13:29 ERROR Started request with id 1404280278 to https://pesoshin.groupdropbox-stage.com/client/call_api/addressbook/get_contacts.xml
10.06.2011 13:29 NOTICE Encoded url: https://pesoshin.groupdropbox-stage.com/client/call_api/storage/get_root_folder.xml
10.06.2011 13:29 ERROR Started request:https://pesoshin.groupdropbox-stage.com/client/call_api/storage/get_root_folder.xml 

10.06.2011 13:29 ERROR Started request with id 893351816 to https://pesoshin.groupdropbox-stage.com/client/call_api/storage/get_root_folder.xml
10.06.2011 13:29 ERROR Response: 3 
<?xml version="1.0" encoding="UTF-8"?>
<Dropsend_Api_Response>
	<status>1</status>
	<data>
		<plan_id>15</plan_id>
		<name>Business Lite</name>
		<description>Business Lite</description>
		<cost_per_month>45.00</cost_per_month>
		<sends_per_month>-1</sends_per_month>
		<storage>268435456000</storage>
		<is_group>1</is_group>
		<show_ads>0</show_ads>
		<deleted>0</deleted>
		<date_modified>2009-05-25 08:29:22</date_modified>
		<date_created>2008-10-22 09:37:51</date_created>
		<date_deleted>0000-00-00 00:00:00</date_deleted>
		<max_users>-1</max_users>
		<expiration_limit>1209600</expiration_limit>
		<download_limit>5</download_limit>
		<cost_per_year>540.00</cost_per_year>
		<is_can_set_download_limit>0</is_can_set_download_limit>
		<extra_sends_num>0</extra_sends_num>
	</data>
	<message />
	<errors />
</Dropsend_Api_Response>
10.06.2011 13:29 ERROR Response: 2 
<?xml version="1.0" encoding="UTF-8"?>
<Dropsend_Api_Response>
	<status>1</status>
	<data>
		<user_id>493</user_id>
		<account_id>436</account_id>
		<is_owner>1</is_owner>
		<is_internal>1</is_internal>
		<email>andrey.pesoshin@flatsoft.com</email>
		<password />
		<firstname>Andrey</firstname>
		<lastname>Pesoshin</lastname>
		<company />
		<notifications>1</notifications>
		<newsletter>0</newsletter>
		<deleted>0</deleted>
		<date_modified>2011-06-10 02:29:27</date_modified>
		<addressbook />
		<code_id />
		<is_admin>0</is_admin>
		<phone />
		<email_for_invoices>andrey.pesoshin@flatsoft.com</email_for_invoices>
		<date_last_login>2011-06-10 02:29:27</date_last_login>
	</data>
	<message />
	<errors />
</Dropsend_Api_Response>
10.06.2011 13:29 ERROR Response: 20 
<?xml version="1.0" encoding="UTF-8"?>
<Dropsend_Api_Response>
	<status>1</status>
	<data>
		<folder_id>485</folder_id>
		<account_id>436</account_id>
		<parent_id>0</parent_id>
		<name>Storage</name>
		<description />
		<deleted>0</deleted>
		<date_modified>2010-01-12 04:28:48</date_modified>
		<date_created>2010-01-12 04:28:48</date_created>
		<date_deleted>0000-00-00 00:00:00</date_deleted>
		<is_dropbox>0</is_dropbox>
		<date>1263299328</date>
		<shared />
	</data>
	<message />
	<errors />
</Dropsend_Api_Response>
10.06.2011 13:29 ERROR Response: 10 
<?xml version="1.0" encoding="UTF-8"?>
<Dropsend_Api_Response>
	<status>1</status>
	<data>
		<Dropsend_Contact>
			<account_id>436</account_id>
			<user_id>0</user_id>
			<firstname>Alexandr</firstname>
			<lastname>Ulitin</lastname>
			<company />
			<email>alexander.ulitin@flatsoft.com</email>
			<deleted>0</deleted>
			<title />
			<date_modified>2010-07-08 07:08:30</date_modified>
		</Dropsend_Contact>
		<Dropsend_Contact>
			<account_id>436</account_id>
			<user_id>493</user_id>
			<firstname>Andrey</firstname>
			<lastname>Pesoshin</lastname>
			<company />
			<email>andrey.pesoshin@flatsoft.com</email>
			<deleted>0</deleted>
			<title />
			<date_modified>2010-01-12 04:28:48</date_modified>
		</Dropsend_Contact>
		<Dropsend_Contact>
			<account_id>436</account_id>
			<user_id>0</user_id>
			<firstname>Anatoliy</firstname>
			<lastname>Chakkaev</lastname>
			<company />
			<email>be16023885@mailforspam.com</email>
			<deleted>0</deleted>
			<title />
			<date_modified>2010-07-12 01:25:50</date_modified>
		</Dropsend_Contact>
		<Dropsend_Contact>
			<account_id>436</account_id>
			<user_id>0</user_id>
			<firstname />
			<lastname />
			<company />
			<email>pesoshin@gmail.com</email>
			<deleted>0</deleted>
			<title />
			<date_modified>2010-01-13 02:17:51</date_modified>
		</Dropsend_Contact>
	</data>
	<message />
	<errors />
</Dropsend_Api_Response>
10.06.2011 13:29 ERROR Response: 20 
<?xml version="1.0" encoding="UTF-8"?>
<Dropsend_Api_Response>
	<status>1</status>
	<data>
		<folder_id>485</folder_id>
		<account_id>436</account_id>
		<parent_id>0</parent_id>
		<name>Storage</name>
		<description />
		<deleted>0</deleted>
		<date_modified>2010-01-12 04:28:48</date_modified>
		<date_created>2010-01-12 04:28:48</date_created>
		<date_deleted>0000-00-00 00:00:00</date_deleted>
		<is_dropbox>0</is_dropbox>
		<date>1263299328</date>
		<shared />
	</data>
	<message />
	<errors />
</Dropsend_Api_Response>
10.06.2011 13:29 ERROR Response: 10 
<?xml version="1.0" encoding="UTF-8"?>
<Dropsend_Api_Response>
	<status>1</status>
	<data>
		<Dropsend_Contact>
			<account_id>436</account_id>
			<user_id>0</user_id>
			<firstname>Alexandr</firstname>
			<lastname>Ulitin</lastname>
			<company />
			<email>alexander.ulitin@flatsoft.com</email>
			<deleted>0</deleted>
			<title />
			<date_modified>2010-07-08 07:08:30</date_modified>
		</Dropsend_Contact>
		<Dropsend_Contact>
			<account_id>436</account_id>
			<user_id>493</user_id>
			<firstname>Andrey</firstname>
			<lastname>Pesoshin</lastname>
			<company />
			<email>andrey.pesoshin@flatsoft.com</email>
			<deleted>0</deleted>
			<title />
			<date_modified>2010-01-12 04:28:48</date_modified>
		</Dropsend_Contact>
		<Dropsend_Contact>
			<account_id>436</account_id>
			<user_id>0</user_id>
			<firstname>Anatoliy</firstname>
			<lastname>Chakkaev</lastname>
			<company />
			<email>be16023885@mailforspam.com</email>
			<deleted>0</deleted>
			<title />
			<date_modified>2010-07-12 01:25:50</date_modified>
		</Dropsend_Contact>
		<Dropsend_Contact>
			<account_id>436</account_id>
			<user_id>0</user_id>
			<firstname />
			<lastname />
			<company />
			<email>pesoshin@gmail.com</email>
			<deleted>0</deleted>
			<title />
			<date_modified>2010-01-13 02:17:51</date_modified>
		</Dropsend_Contact>
	</data>
	<message />
	<errors />
</Dropsend_Api_Response>
10.06.2011 13:29 ERROR Response: 20 
<?xml version="1.0" encoding="UTF-8"?>
<Dropsend_Api_Response>
	<status>1</status>
	<data>
		<folder_id>485</folder_id>
		<account_id>436</account_id>
		<parent_id>0</parent_id>
		<name>Storage</name>
		<description />
		<deleted>0</deleted>
		<date_modified>2010-01-12 04:28:48</date_modified>
		<date_created>2010-01-12 04:28:48</date_created>
		<date_deleted>0000-00-00 00:00:00</date_deleted>
		<is_dropbox>0</is_dropbox>
		<date>1263299328</date>
		<shared />
	</data>
	<message />
	<errors />
</Dropsend_Api_Response>
10.06.2011 13:29 ERROR Response: 2 
<?xml version="1.0" encoding="UTF-8"?>
<Dropsend_Api_Response>
	<status>1</status>
	<data>
		<user_id>493</user_id>
		<account_id>436</account_id>
		<is_owner>1</is_owner>
		<is_internal>1</is_internal>
		<email>andrey.pesoshin@flatsoft.com</email>
		<password />
		<firstname>Andrey</firstname>
		<lastname>Pesoshin</lastname>
		<company />
		<notifications>1</notifications>
		<newsletter>0</newsletter>
		<deleted>0</deleted>
		<date_modified>2011-06-10 02:29:27</date_modified>
		<addressbook />
		<code_id />
		<is_admin>0</is_admin>
		<phone />
		<email_for_invoices>andrey.pesoshin@flatsoft.com</email_for_invoices>
		<date_last_login>2011-06-10 02:29:27</date_last_login>
	</data>
	<message />
	<errors />
</Dropsend_Api_Response>
10.06.2011 13:29 NOTICE Encoded url: https://pesoshin.groupdropbox-stage.com/client/call_api/storage/get_root_folder.xml
10.06.2011 13:29 ERROR Started request:https://pesoshin.groupdropbox-stage.com/client/call_api/storage/get_root_folder.xml 

10.06.2011 13:29 ERROR Started request with id 1505795335 to https://pesoshin.groupdropbox-stage.com/client/call_api/storage/get_root_folder.xml
10.06.2011 13:29 NOTICE Encoded url: https://pesoshin.groupdropbox-stage.com/client/call_api/addressbook/get_contacts.xml
10.06.2011 13:29 ERROR Started request:https://pesoshin.groupdropbox-stage.com/client/call_api/addressbook/get_contacts.xml 

10.06.2011 13:29 ERROR Started request with id 1954899097 to https://pesoshin.groupdropbox-stage.com/client/call_api/addressbook/get_contacts.xml
10.06.2011 13:29 NOTICE Encoded url: https://pesoshin.groupdropbox-stage.com/client/call_api/storage/get_root_folder.xml
10.06.2011 13:29 ERROR Started request:https://pesoshin.groupdropbox-stage.com/client/call_api/storage/get_root_folder.xml 

10.06.2011 13:29 ERROR Started request with id 1636807826 to https://pesoshin.groupdropbox-stage.com/client/call_api/storage/get_root_folder.xml
10.06.2011 13:29 ERROR Response: 20 
<?xml version="1.0" encoding="UTF-8"?>
<Dropsend_Api_Response>
	<status>1</status>
	<data>
		<folder_id>485</folder_id>
		<account_id>436</account_id>
		<parent_id>0</parent_id>
		<name>Storage</name>
		<description />
		<deleted>0</deleted>
		<date_modified>2010-01-12 04:28:48</date_modified>
		<date_created>2010-01-12 04:28:48</date_created>
		<date_deleted>0000-00-00 00:00:00</date_deleted>
		<is_dropbox>0</is_dropbox>
		<date>1263299328</date>
		<shared />
	</data>
	<message />
	<errors />
</Dropsend_Api_Response>
10.06.2011 13:29 ERROR Response: 10 
<?xml version="1.0" encoding="UTF-8"?>
<Dropsend_Api_Response>
	<status>1</status>
	<data>
		<Dropsend_Contact>
			<account_id>436</account_id>
			<user_id>0</user_id>
			<firstname>Alexandr</firstname>
			<lastname>Ulitin</lastname>
			<company />
			<email>alexander.ulitin@flatsoft.com</email>
			<deleted>0</deleted>
			<title />
			<date_modified>2010-07-08 07:08:30</date_modified>
		</Dropsend_Contact>
		<Dropsend_Contact>
			<account_id>436</account_id>
			<user_id>493</user_id>
			<firstname>Andrey</firstname>
			<lastname>Pesoshin</lastname>
			<company />
			<email>andrey.pesoshin@flatsoft.com</email>
			<deleted>0</deleted>
			<title />
			<date_modified>2010-01-12 04:28:48</date_modified>
		</Dropsend_Contact>
		<Dropsend_Contact>
			<account_id>436</account_id>
			<user_id>0</user_id>
			<firstname>Anatoliy</firstname>
			<lastname>Chakkaev</lastname>
			<company />
			<email>be16023885@mailforspam.com</email>
			<deleted>0</deleted>
			<title />
			<date_modified>2010-07-12 01:25:50</date_modified>
		</Dropsend_Contact>
		<Dropsend_Contact>
			<account_id>436</account_id>
			<user_id>0</user_id>
			<firstname />
			<lastname />
			<company />
			<email>pesoshin@gmail.com</email>
			<deleted>0</deleted>
			<title />
			<date_modified>2010-01-13 02:17:51</date_modified>
		</Dropsend_Contact>
	</data>
	<message />
	<errors />
</Dropsend_Api_Response>
10.06.2011 13:29 ERROR Response: 20 
<?xml version="1.0" encoding="UTF-8"?>
<Dropsend_Api_Response>
	<status>1</status>
	<data>
		<folder_id>485</folder_id>
		<account_id>436</account_id>
		<parent_id>0</parent_id>
		<name>Storage</name>
		<description />
		<deleted>0</deleted>
		<date_modified>2010-01-12 04:28:48</date_modified>
		<date_created>2010-01-12 04:28:48</date_created>
		<date_deleted>0000-00-00 00:00:00</date_deleted>
		<is_dropbox>0</is_dropbox>
		<date>1263299328</date>
		<shared />
	</data>
	<message />
	<errors />
</Dropsend_Api_Response>
10.06.2011 13:29 ERROR Response: 2 
<?xml version="1.0" encoding="UTF-8"?>
<Dropsend_Api_Response>
	<status>1</status>
	<data>
		<user_id>493</user_id>
		<account_id>436</account_id>
		<is_owner>1</is_owner>
		<is_internal>1</is_internal>
		<email>andrey.pesoshin@flatsoft.com</email>
		<password />
		<firstname>Andrey</firstname>
		<lastname>Pesoshin</lastname>
		<company />
		<notifications>1</notifications>
		<newsletter>0</newsletter>
		<deleted>0</deleted>
		<date_modified>2011-06-10 02:29:27</date_modified>
		<addressbook />
		<code_id />
		<is_admin>0</is_admin>
		<phone />
		<email_for_invoices>andrey.pesoshin@flatsoft.com</email_for_invoices>
		<date_last_login>2011-06-10 02:29:27</date_last_login>
	</data>
	<message />
	<errors />
</Dropsend_Api_Response>
10.06.2011 13:29 ERROR Response: 20 
<?xml version="1.0" encoding="UTF-8"?>
<Dropsend_Api_Response>
	<status>1</status>
	<data>
		<folder_id>485</folder_id>
		<account_id>436</account_id>
		<parent_id>0</parent_id>
		<name>Storage</name>
		<description />
		<deleted>0</deleted>
		<date_modified>2010-01-12 04:28:48</date_modified>
		<date_created>2010-01-12 04:28:48</date_created>
		<date_deleted>0000-00-00 00:00:00</date_deleted>
		<is_dropbox>0</is_dropbox>
		<date>1263299328</date>
		<shared />
	</data>
	<message />
	<errors />
</Dropsend_Api_Response>
10.06.2011 13:29 NOTICE Encoded url: https://pesoshin.groupdropbox-stage.com/client/call_api/addressbook/get_contacts.xml
10.06.2011 13:29 ERROR Started request:https://pesoshin.groupdropbox-stage.com/client/call_api/addressbook/get_contacts.xml 

10.06.2011 13:29 ERROR Started request with id 563613512 to https://pesoshin.groupdropbox-stage.com/client/call_api/addressbook/get_contacts.xml
10.06.2011 13:29 ERROR Response: 10 
<?xml version="1.0" encoding="UTF-8"?>
<Dropsend_Api_Response>
	<status>1</status>
	<data>
		<Dropsend_Contact>
			<account_id>436</account_id>
			<user_id>0</user_id>
			<firstname>Alexandr</firstname>
			<lastname>Ulitin</lastname>
			<company />
			<email>alexander.ulitin@flatsoft.com</email>
			<deleted>0</deleted>
			<title />
			<date_modified>2010-07-08 07:08:30</date_modified>
		</Dropsend_Contact>
		<Dropsend_Contact>
			<account_id>436</account_id>
			<user_id>493</user_id>
			<firstname>Andrey</firstname>
			<lastname>Pesoshin</lastname>
			<company />
			<email>andrey.pesoshin@flatsoft.com</email>
			<deleted>0</deleted>
			<title />
			<date_modified>2010-01-12 04:28:48</date_modified>
		</Dropsend_Contact>
		<Dropsend_Contact>
			<account_id>436</account_id>
			<user_id>0</user_id>
			<firstname>Anatoliy</firstname>
			<lastname>Chakkaev</lastname>
			<company />
			<email>be16023885@mailforspam.com</email>
			<deleted>0</deleted>
			<title />
			<date_modified>2010-07-12 01:25:50</date_modified>
		</Dropsend_Contact>
		<Dropsend_Contact>
			<account_id>436</account_id>
			<user_id>0</user_id>
			<firstname />
			<lastname />
			<company />
			<email>pesoshin@gmail.com</email>
			<deleted>0</deleted>
			<title />
			<date_modified>2010-01-13 02:17:51</date_modified>
		</Dropsend_Contact>
	</data>
	<message />
	<errors />
</Dropsend_Api_Response>
10.06.2011 13:29 ERROR Response: 20 
<?xml version="1.0" encoding="UTF-8"?>
<Dropsend_Api_Response>
	<status>1</status>
	<data>
		<folder_id>485</folder_id>
		<account_id>436</account_id>
		<parent_id>0</parent_id>
		<name>Storage</name>
		<description />
		<deleted>0</deleted>
		<date_modified>2010-01-12 04:28:48</date_modified>
		<date_created>2010-01-12 04:28:48</date_created>
		<date_deleted>0000-00-00 00:00:00</date_deleted>
		<is_dropbox>0</is_dropbox>
		<date>1263299328</date>
		<shared />
	</data>
	<message />
	<errors />
</Dropsend_Api_Response>
10.06.2011 13:29 ERROR Response: 10 
<?xml version="1.0" encoding="UTF-8"?>
<Dropsend_Api_Response>
	<status>1</status>
	<data>
		<Dropsend_Contact>
			<account_id>436</account_id>
			<user_id>0</user_id>
			<firstname>Alexandr</firstname>
			<lastname>Ulitin</lastname>
			<company />
			<email>alexander.ulitin@flatsoft.com</email>
			<deleted>0</deleted>
			<title />
			<date_modified>2010-07-08 07:08:30</date_modified>
		</Dropsend_Contact>
		<Dropsend_Contact>
			<account_id>436</account_id>
			<user_id>493</user_id>
			<firstname>Andrey</firstname>
			<lastname>Pesoshin</lastname>
			<company />
			<email>andrey.pesoshin@flatsoft.com</email>
			<deleted>0</deleted>
			<title />
			<date_modified>2010-01-12 04:28:48</date_modified>
		</Dropsend_Contact>
		<Dropsend_Contact>
			<account_id>436</account_id>
			<user_id>0</user_id>
			<firstname>Anatoliy</firstname>
			<lastname>Chakkaev</lastname>
			<company />
			<email>be16023885@mailforspam.com</email>
			<deleted>0</deleted>
			<title />
			<date_modified>2010-07-12 01:25:50</date_modified>
		</Dropsend_Contact>
		<Dropsend_Contact>
			<account_id>436</account_id>
			<user_id>0</user_id>
			<firstname />
			<lastname />
			<company />
			<email>pesoshin@gmail.com</email>
			<deleted>0</deleted>
			<title />
			<date_modified>2010-01-13 02:17:51</date_modified>
		</Dropsend_Contact>
	</data>
	<message />
	<errors />
</Dropsend_Api_Response>
10.06.2011 13:29 ERROR Started request:https://pesoshin.groupdropbox-stage.com/client/call_api/desktop_tool/get_versions_diff.xml 

10.06.2011 13:29 ERROR Started request with id 101929267 to https://pesoshin.groupdropbox-stage.com/client/call_api/desktop_tool/get_versions_diff.xml
10.06.2011 13:29 ERROR Response: 51 
<?xml version="1.0" encoding="UTF-8"?>
<Dropsend_Api_Response>
	<status>1</status>
	<data />
	<message>No update needed for specified from-version</message>
	<errors />
</Dropsend_Api_Response>
